<?xml version="1.0" encoding="UTF-8"?>
<!-- Generated by org.testng.reporters.JUnitReportReporter -->
<testsuite hostname="Erpolats-MBP.home" failures="0" tests="2" name="EAEnterprise.tests.ErrorValidations" time="13.711" errors="0" timestamp="2023-03-19T20:37:13 EDT" skipped="0">
  <testcase classname="EAEnterprise.tests.ErrorValidations" name="ProductErrorValidation" time="7.595"/>
  <system-out/>
  <testcase classname="EAEnterprise.tests.ErrorValidations" name="LoginErrorValidation" time="6.116"/>
  <system-out/>
</testsuite> <!-- EAEnterprise.tests.ErrorValidations -->
