<?xml version="1.0" encoding="UTF-8"?>
<!-- Generated by org.testng.reporters.JUnitReportReporter -->
<testsuite hostname="DESKTOP-SODBL1A" failures="0" tests="3" name="EAEnterprise.tests.SubmitOrderTest" time="21.865" errors="0" timestamp="2023-04-25T12:14:26 EDT" skipped="0">
  <testcase classname="EAEnterprise.tests.SubmitOrderTest" name="submitOrder" time="8.950"/>
  <system-out/>
  <testcase classname="EAEnterprise.tests.SubmitOrderTest" name="OrderHistoryTest" time="5.203"/>
  <system-out/>
  <testcase classname="EAEnterprise.tests.SubmitOrderTest" name="submitOrder" time="7.712"/>
  <system-out/>
</testsuite> <!-- EAEnterprise.tests.SubmitOrderTest -->
