<?xml version="1.0" encoding="UTF-8"?>
<!-- Generated by org.testng.reporters.JUnitReportReporter -->
<testsuite hostname="DESKTOP-SODBL1A" failures="0" tests="2" name="EAEnterprise.tests.ErrorValidationsTest" time="23.210" errors="0" timestamp="2023-04-25T12:14:26 EDT" skipped="0">
  <testcase classname="EAEnterprise.tests.ErrorValidationsTest" name="LoginErrorValidation" time="6.293"/>
  <system-out/>
  <testcase classname="EAEnterprise.tests.ErrorValidationsTest" name="ProductErrorValidation" time="16.917"/>
  <system-out/>
</testsuite> <!-- EAEnterprise.tests.ErrorValidationsTest -->
