<?xml version="1.0" encoding="UTF-8"?>
<!-- Generated by org.testng.reporters.JUnitReportReporter -->
<testsuite hostname="DESKTOP-SODBL1A" failures="0" tests="1" name="cucumber.TestNGTestRunner" time="8.971" errors="0" timestamp="2023-04-25T11:29:46 EDT" skipped="0">
  <testcase classname="cucumber.TestNGTestRunner" name="runScenario" time="8.971"/>
  <system-out/>
</testsuite> <!-- cucumber.TestNGTestRunner -->
