<?xml version="1.0" encoding="UTF-8"?>
<!-- Generated by org.testng.reporters.JUnitReportReporter -->
<testsuite hostname="DESKTOP-SODBL1A" failures="0" tests="2" name="EAEnterprise.tests.ErrorValidationsTest" time="13.039" errors="0" timestamp="2023-04-27T11:45:06 EDT" skipped="0">
  <testcase classname="EAEnterprise.tests.ErrorValidationsTest" name="LoginErrorValidation" time="6.313"/>
  <system-out/>
  <testcase classname="EAEnterprise.tests.ErrorValidationsTest" name="ProductErrorValidation" time="6.726"/>
  <system-out/>
</testsuite> <!-- EAEnterprise.tests.ErrorValidationsTest -->
