<?xml version="1.0" encoding="UTF-8"?>
<!-- Generated by org.testng.reporters.JUnitReportReporter -->
<testsuite hostname="DESKTOP-SODBL1A" failures="0" tests="3" name="EAEnterprise.tests.SubmitOrderTest" time="22.641" errors="0" timestamp="2023-04-27T11:45:06 EDT" skipped="0">
  <testcase classname="EAEnterprise.tests.SubmitOrderTest" name="submitOrder" time="8.368"/>
  <system-out/>
  <testcase classname="EAEnterprise.tests.SubmitOrderTest" name="submitOrder" time="9.460"/>
  <system-out/>
  <testcase classname="EAEnterprise.tests.SubmitOrderTest" name="OrderHistoryTest" time="4.813"/>
  <system-out/>
</testsuite> <!-- EAEnterprise.tests.SubmitOrderTest -->
