<?xml version="1.0" encoding="UTF-8"?>
<!-- Generated by org.testng.reporters.JUnitReportReporter -->
<testsuite hostname="DESKTOP-SODBL1A" failures="0" tests="1" name="cucumber.TestNGTestRunner" time="9.164" errors="0" timestamp="2023-04-27T11:45:06 EDT" skipped="0">
  <testcase classname="cucumber.TestNGTestRunner" name="runScenario" time="9.164"/>
  <system-out/>
</testsuite> <!-- cucumber.TestNGTestRunner -->
